<?xml version="1.0" encoding="UTF-8"?>
<testng-results skipped="0" failed="0" ignored="0" total="1" passed="1">
  <reporter-output>
  </reporter-output>
  <suite name="Command line suite" duration-ms="71" started-at="2020-05-25T13:10:26Z" finished-at="2020-05-25T13:10:26Z">
    <groups>
    </groups>
    <test name="Command line test" duration-ms="71" started-at="2020-05-25T13:10:26Z" finished-at="2020-05-25T13:10:26Z">
      <class name="helloworld_sandeep.helloworld_sandeep.TesthelloWorld">
        <test-method status="PASS" signature="testHelloWorld()[pri:0, instance:helloworld_sandeep.helloworld_sandeep.TesthelloWorld@2812cbfa]" name="testHelloWorld" duration-ms="14" started-at="2020-05-25T13:10:26Z" finished-at="2020-05-25T13:10:26Z">
          <reporter-output>
          </reporter-output>
        </test-method> <!-- testHelloWorld -->
      </class> <!-- helloworld_sandeep.helloworld_sandeep.TesthelloWorld -->
    </test> <!-- Command line test -->
  </suite> <!-- Command line suite -->
</testng-results>
