<?xml version="1.0" encoding="UTF-8"?>
<testng-results skipped="0" failed="0" ignored="0" total="1" passed="1">
  <reporter-output>
  </reporter-output>
  <suite name="helloworld_sandeep.helloworld_sandeep.TesthelloWorld" duration-ms="80" started-at="2020-05-26T21:04:11Z" finished-at="2020-05-26T21:04:11Z">
    <groups>
    </groups>
    <test name="Command line test" duration-ms="80" started-at="2020-05-26T21:04:11Z" finished-at="2020-05-26T21:04:11Z">
      <class name="helloworld_sandeep.helloworld_sandeep.TesthelloWorld">
        <test-method status="PASS" signature="testHelloWorld()[pri:0, instance:helloworld_sandeep.helloworld_sandeep.TesthelloWorld@19dfb72a]" name="testHelloWorld" duration-ms="23" started-at="2020-05-26T21:04:11Z" finished-at="2020-05-26T21:04:11Z">
          <reporter-output>
          </reporter-output>
        </test-method> <!-- testHelloWorld -->
      </class> <!-- helloworld_sandeep.helloworld_sandeep.TesthelloWorld -->
    </test> <!-- Command line test -->
  </suite> <!-- helloworld_sandeep.helloworld_sandeep.TesthelloWorld -->
</testng-results>
