<?xml version="1.0" encoding="UTF-8"?>
<!-- Generated by org.testng.reporters.JUnitXMLReporter -->
<testsuite hostname="LAPTOP-Q9ND3NEG" ignored="0" name="Command line test" tests="1" failures="1" timestamp="26 May 2020 21:05:51 GMT" time="0.086" errors="0">
  <testcase name="testHelloWorld" time="0.021" classname="helloworld_sandeep.helloworld_sandeep.TesthelloWorld">
    <failure type="java.lang.Error" message="Unresolved compilation problem: 
	The method pr(String) is undefined for the type PrintStream
">
      <![CDATA[java.lang.Error: Unresolved compilation problem: 
The method pr(String) is undefined for the type PrintStream

at helloworld_sandeep.helloworld_sandeep.TesthelloWorld.testHelloWorld(TesthelloWorld.java:15)
... Removed 34 stack frames]]>
    </failure>
  </testcase> <!-- testHelloWorld -->
</testsuite> <!-- Command line test -->
