<?xml version="1.0" encoding="UTF-8"?>
<!-- Generated by org.testng.reporters.JUnitXMLReporter -->
<testsuite hostname="LAPTOP-Q9ND3NEG" ignored="0" name="Command line test" tests="1" failures="1" timestamp="26 May 2020 21:08:30 GMT" time="0.085" errors="0">
  <testcase name="testHelloWorld" time="0.022" classname="helloworld_sandeep.helloworld_sandeep.TesthelloWorld">
    <failure type="java.lang.Error" message="Unresolved compilation problems: 
	The method pr(String) is undefined for the type PrintStream
	The method pr(String) is undefined for the type PrintStream
">
      <![CDATA[java.lang.Error: Unresolved compilation problems: 
The method pr(String) is undefined for the type PrintStream
The method pr(String) is undefined for the type PrintStream

at helloworld_sandeep.helloworld_sandeep.TesthelloWorld.testHelloWorld(TesthelloWorld.java:14)
... Removed 34 stack frames]]>
    </failure>
  </testcase> <!-- testHelloWorld -->
</testsuite> <!-- Command line test -->
